d:\digimon code\digimon\x64\debug\vc143.pdb
d:\digimon code\digimon\x64\debug\vc143.idb
d:\digimon code\digimon\x64\debug\interaction.obj
d:\digimon code\digimon\x64\debug\guilmonline.obj
d:\digimon code\digimon\x64\debug\dodge.obj
d:\digimon code\digimon\x64\debug\baseinfo.obj
d:\digimon code\digimon\x64\debug\guilmon.obj
d:\digimon code\digimon\x64\debug\digitalmonster.obj
d:\digimon code\digimon\x64\debug\socialinteraction.obj
d:\digimon code\digimon\x64\debug\main.obj
d:\digimon code\digimon\x64\debug\attackinteraction.obj
d:\digimon code\digimon\x64\debug\renamon.obj
d:\digimon code\digimon\x64\debug\attack.obj
d:\digimon code\digimon\x64\debug\digivolution.obj
d:\digimon code\digimon\x64\debug\movement.obj
d:\digimon code\digimon\x64\debug\createddigimon.obj
d:\digimon code\digimon\x64\debug\patamon.obj
d:\digimon code\digimon\x64\debug\gabumon.obj
d:\digimon code\digimon\x64\debug\codetobereworked.obj
d:\digimon code\digimon\x64\debug\movementcomponent.obj
d:\digimon code\digimon\x64\debug\dodgecomponent.obj
d:\digimon code\digimon\x64\debug\attackcomponent.obj
d:\digimon code\digimon\x64\debug\jyarimonbase.obj
d:\digimon code\digimon\x64\debug\digimon.exe
d:\digimon code\digimon\x64\debug\digimon.ilk
d:\digimon code\digimon\x64\debug\digimon.pdb
d:\digimon code\digimon\x64\debug\digimon.tlog\cl.command.1.tlog
d:\digimon code\digimon\x64\debug\digimon.tlog\cl.read.1.tlog
d:\digimon code\digimon\x64\debug\digimon.tlog\cl.write.1.tlog
d:\digimon code\digimon\x64\debug\digimon.tlog\link.command.1.tlog
d:\digimon code\digimon\x64\debug\digimon.tlog\link.read.1.tlog
d:\digimon code\digimon\x64\debug\digimon.tlog\link.write.1.tlog
